Using pre-set license
Built from '2022.3/staging' branch; Version is '2022.3.41f1 (0f988161febf) revision 1022081'; Using compiler version '192829333'; Build Type 'Release'
OS: 'Windows 10  (10.0.19045) 64bit Professional' Language: 'es' Physical Memory: 32520 MB
BatchMode: 1, IsHumanControllingUs: 0, StartBugReporterOnCrash: 0, Is64bit: 1, IsPro: 1

COMMAND LINE ARGUMENTS:
C:\Program Files\Unity\Hub\Editor\2022.3.41f1\Editor\Unity.exe
-adb2
-batchMode
-noUpm
-name
AssetImportWorker21
-projectPath
C:/Users/laboratorio/Downloads/UDLAKARTS-master
-logFile
Logs/AssetImportWorker21.log
-srvPort
57227
Successfully changed project path to: C:/Users/laboratorio/Downloads/UDLAKARTS-master
C:/Users/laboratorio/Downloads/UDLAKARTS-master
[UnityMemory] Configuration Parameters - Can be set up in boot.config
    "memorysetup-bucket-allocator-granularity=16"
    "memorysetup-bucket-allocator-bucket-count=8"
    "memorysetup-bucket-allocator-block-size=33554432"
    "memorysetup-bucket-allocator-block-count=8"
    "memorysetup-main-allocator-block-size=16777216"
    "memorysetup-thread-allocator-block-size=16777216"
    "memorysetup-gfx-main-allocator-block-size=16777216"
    "memorysetup-gfx-thread-allocator-block-size=16777216"
    "memorysetup-cache-allocator-block-size=4194304"
    "memorysetup-typetree-allocator-block-size=2097152"
    "memorysetup-profiler-bucket-allocator-granularity=16"
    "memorysetup-profiler-bucket-allocator-bucket-count=8"
    "memorysetup-profiler-bucket-allocator-block-size=33554432"
    "memorysetup-profiler-bucket-allocator-block-count=8"
    "memorysetup-profiler-allocator-block-size=16777216"
    "memorysetup-profiler-editor-allocator-block-size=1048576"
    "memorysetup-temp-allocator-size-main=16777216"
    "memorysetup-job-temp-allocator-block-size=2097152"
    "memorysetup-job-temp-allocator-block-size-background=1048576"
    "memorysetup-job-temp-allocator-reduction-small-platforms=262144"
    "memorysetup-allocator-temp-initial-block-size-main=262144"
    "memorysetup-allocator-temp-initial-block-size-worker=262144"
    "memorysetup-temp-allocator-size-background-worker=32768"
    "memorysetup-temp-allocator-size-job-worker=262144"
    "memorysetup-temp-allocator-size-preload-manager=33554432"
    "memorysetup-temp-allocator-size-nav-mesh-worker=65536"
    "memorysetup-temp-allocator-size-audio-worker=65536"
    "memorysetup-temp-allocator-size-cloud-worker=32768"
    "memorysetup-temp-allocator-size-gi-baking-worker=262144"
    "memorysetup-temp-allocator-size-gfx=262144"
Player connection [46280]  Target information:

Player connection [46280]  * "[IP] 10.90.125.21 [Port] 0 [Flags] 2 [Guid] 1931674207 [EditorId] 1931674207 [Version] 1048832 [Id] WindowsEditor(7,UPEAULA-31608) [Debug] 1 [PackageName] WindowsEditor [ProjectName] Editor" 

Player connection [46280]  * "[IP] 192.168.56.1 [Port] 0 [Flags] 2 [Guid] 1931674207 [EditorId] 1931674207 [Version] 1048832 [Id] WindowsEditor(7,UPEAULA-31608) [Debug] 1 [PackageName] WindowsEditor [ProjectName] Editor" 

Player connection [46280]  * "[IP] 192.168.74.1 [Port] 0 [Flags] 2 [Guid] 1931674207 [EditorId] 1931674207 [Version] 1048832 [Id] WindowsEditor(7,UPEAULA-31608) [Debug] 1 [PackageName] WindowsEditor [ProjectName] Editor" 

Player connection [46280]  * "[IP] 192.168.254.1 [Port] 0 [Flags] 2 [Guid] 1931674207 [EditorId] 1931674207 [Version] 1048832 [Id] WindowsEditor(7,UPEAULA-31608) [Debug] 1 [PackageName] WindowsEditor [ProjectName] Editor" 

Player connection [46280]  * "[IP] 172.21.240.1 [Port] 0 [Flags] 2 [Guid] 1931674207 [EditorId] 1931674207 [Version] 1048832 [Id] WindowsEditor(7,UPEAULA-31608) [Debug] 1 [PackageName] WindowsEditor [ProjectName] Editor" 

Player connection [46280]  * "[IP] 169.254.62.234 [Port] 0 [Flags] 2 [Guid] 1931674207 [EditorId] 1931674207 [Version] 1048832 [Id] WindowsEditor(7,UPEAULA-31608) [Debug] 1 [PackageName] WindowsEditor [ProjectName] Editor" 

Player connection [46280]  * "[IP] 169.254.62.18 [Port] 0 [Flags] 2 [Guid] 1931674207 [EditorId] 1931674207 [Version] 1048832 [Id] WindowsEditor(7,UPEAULA-31608) [Debug] 1 [PackageName] WindowsEditor [ProjectName] Editor" 

Player connection [46280]  * "[IP] 169.254.201.49 [Port] 0 [Flags] 2 [Guid] 1931674207 [EditorId] 1931674207 [Version] 1048832 [Id] WindowsEditor(7,UPEAULA-31608) [Debug] 1 [PackageName] WindowsEditor [ProjectName] Editor" 

Player connection [46280] Host joined multi-casting on [225.0.0.222:54997]...
Player connection [46280] Host joined alternative multi-casting on [225.0.0.222:34997]...
[PhysX] Initialized MultithreadedTaskDispatcher with 32 workers.
Refreshing native plugins compatible for Editor in 36.31 ms, found 3 plugins.
Preloading 0 native plugins for Editor in 0.00 ms.
Initialize engine version: 2022.3.41f1 (0f988161febf)
[Subsystems] Discovering subsystems at path C:/Program Files/Unity/Hub/Editor/2022.3.41f1/Editor/Data/Resources/UnitySubsystems
[Subsystems] Discovering subsystems at path C:/Users/laboratorio/Downloads/UDLAKARTS-master/Assets
GfxDevice: creating device client; threaded=0; jobified=0
Direct3D:
    Version:  Direct3D 11.0 [level 11.1]
    Renderer: NVIDIA GeForce RTX 4070 Ti (ID=0x2782)
    Vendor:   NVIDIA
    VRAM:     11996 MB
    Driver:   32.0.15.5612
Initialize mono
Mono path[0] = 'C:/Program Files/Unity/Hub/Editor/2022.3.41f1/Editor/Data/Managed'
Mono path[1] = 'C:/Program Files/Unity/Hub/Editor/2022.3.41f1/Editor/Data/MonoBleedingEdge/lib/mono/unityjit-win32'
Mono config path = 'C:/Program Files/Unity/Hub/Editor/2022.3.41f1/Editor/Data/MonoBleedingEdge/etc'
Using monoOptions --debugger-agent=transport=dt_socket,embedding=1,server=y,suspend=n,address=127.0.0.1:56892
Begin MonoManager ReloadAssembly
Registering precompiled unity dll's ...
Register platform support module: C:/Program Files/Unity/Hub/Editor/2022.3.41f1/Editor/Data/PlaybackEngines/WebGLSupport/UnityEditor.WebGL.Extensions.dll
Register platform support module: C:/Program Files/Unity/Hub/Editor/2022.3.41f1/Editor/Data/PlaybackEngines/MacStandaloneSupport/UnityEditor.OSXStandalone.Extensions.dll
Register platform support module: C:/Program Files/Unity/Hub/Editor/2022.3.41f1/Editor/Data/PlaybackEngines/WindowsStandaloneSupport/UnityEditor.WindowsStandalone.Extensions.dll
Registered in 0.035378 seconds.
- Loaded All Assemblies, in  0.462 seconds
Native extension for WindowsStandalone target not found
Native extension for OSXStandalone target not found
Native extension for WebGL target not found
Mono: successfully reloaded assembly
- Finished resetting the current domain, in  0.274 seconds
Domain Reload Profiling: 730ms
	BeginReloadAssembly (157ms)
		ExecutionOrderSort (0ms)
		DisableScriptedObjects (0ms)
		BackupInstance (0ms)
		ReleaseScriptingObjects (0ms)
		CreateAndSetChildDomain (1ms)
	RebuildCommonClasses (35ms)
	RebuildNativeTypeToScriptingClass (10ms)
	initialDomainReloadingComplete (104ms)
	LoadAllAssembliesAndSetupDomain (150ms)
		LoadAssemblies (152ms)
		RebuildTransferFunctionScriptingTraits (0ms)
		AnalyzeDomain (146ms)
			TypeCache.Refresh (145ms)
				TypeCache.ScanAssembly (129ms)
			ScanForSourceGeneratedMonoScriptInfo (0ms)
			ResolveRequiredComponents (0ms)
	FinalizeReload (274ms)
		ReleaseScriptCaches (0ms)
		RebuildScriptCaches (0ms)
		SetupLoadedEditorAssemblies (227ms)
			LogAssemblyErrors (0ms)
			InitializePlatformSupportModulesInManaged (26ms)
			SetLoadedEditorAssemblies (5ms)
			RefreshPlugins (0ms)
			BeforeProcessingInitializeOnLoad (2ms)
			ProcessInitializeOnLoadAttributes (145ms)
			ProcessInitializeOnLoadMethodAttributes (49ms)
			AfterProcessingInitializeOnLoad (0ms)
			EditorAssembliesLoaded (0ms)
		ExecutionOrderSort2 (0ms)
		AwakeInstancesAfterBackupRestoration (0ms)
========================================================================
Worker process is ready to serve import requests
Caller must complete domain reload
Begin MonoManager ReloadAssembly
- Loaded All Assemblies, in  0.867 seconds
Native extension for WindowsStandalone target not found
Native extension for OSXStandalone target not found
Native extension for WebGL target not found
Package Manager log level set to [2]
[Package Manager] Server::EnsureServerProcessIsRunning -- launch failed, reason: Unity was launched with the -noUpm command-line argument
[Package Manager] UpmClient::Send -- Unable to send message (not connected to UPM process).
[Package Manager] Cannot connect to Unity Package Manager local server
Mono: successfully reloaded assembly
- Finished resetting the current domain, in  0.704 seconds
Domain Reload Profiling: 1560ms
	BeginReloadAssembly (194ms)
		ExecutionOrderSort (0ms)
		DisableScriptedObjects (6ms)
		BackupInstance (0ms)
		ReleaseScriptingObjects (0ms)
		CreateAndSetChildDomain (29ms)
	RebuildCommonClasses (35ms)
	RebuildNativeTypeToScriptingClass (11ms)
	initialDomainReloadingComplete (67ms)
	LoadAllAssembliesAndSetupDomain (549ms)
		LoadAssemblies (520ms)
		RebuildTransferFunctionScriptingTraits (0ms)
		AnalyzeDomain (147ms)
			TypeCache.Refresh (128ms)
				TypeCache.ScanAssembly (110ms)
			ScanForSourceGeneratedMonoScriptInfo (12ms)
			ResolveRequiredComponents (5ms)
	FinalizeReload (705ms)
		ReleaseScriptCaches (0ms)
		RebuildScriptCaches (0ms)
		SetupLoadedEditorAssemblies (556ms)
			LogAssemblyErrors (0ms)
			InitializePlatformSupportModulesInManaged (25ms)
			SetLoadedEditorAssemblies (4ms)
			RefreshPlugins (0ms)
			BeforeProcessingInitializeOnLoad (78ms)
			ProcessInitializeOnLoadAttributes (408ms)
			ProcessInitializeOnLoadMethodAttributes (22ms)
			AfterProcessingInitializeOnLoad (20ms)
			EditorAssembliesLoaded (0ms)
		ExecutionOrderSort2 (0ms)
		AwakeInstancesAfterBackupRestoration (9ms)
Launched and connected shader compiler UnityShaderCompiler.exe after 0.14 seconds
Refreshing native plugins compatible for Editor in 19.90 ms, found 3 plugins.
Preloading 0 native plugins for Editor in 0.00 ms.
Unloading 2107 Unused Serialized files (Serialized files now loaded: 0)
Unloading 41 unused Assets / (1.8 MB). Loaded Objects now: 2585.
Memory consumption went from 186.1 MB to 184.3 MB.
Total: 4.102900 ms (FindLiveObjects: 0.217800 ms CreateObjectMapping: 0.059500 ms MarkObjects: 3.371400 ms  DeleteObjects: 0.452900 ms)

AssetImportParameters requested are different than current active one (requested -> active):
  custom:video-decoder-webm-vp8: 9c59270c3fd7afecdb556c50c9e8de78 -> 
  custom:SearchIndexIgnoredProperties: e643bd26f0fe6173181afceb89e7c659 -> 
  custom:container-demuxer-ogg: 62fdf1f143b41e24485cea50d1cbac27 -> 
  custom:AudioImporter_EditorPlatform: d09bf68614088b80899f8185d706f6e7 -> 
  custom:video-decoder-ogg-theora: a1e56fd34408186e4bbccfd4996cb3dc -> 
  custom:framework-win-MediaFoundation: 216162199b28c13a410421893ffa2e32 -> 
  custom:video-encoder-webm-vp8: eb34c28f22e8b96e1ab97ce403110664 -> 
  custom:audio-decoder-ogg-vorbis: bf7c407c2cedff20999df2af8eb42d56 -> 
  custom:CustomObjectIndexerAttribute: 9a22284fe3817be447336de3de66b15e -> 
  custom:container-demuxer-webm: 4f35f7cbe854078d1ac9338744f61a02 -> 
  custom:audio-encoder-webm-vorbis: bf7c407c2cedff20999df2af8eb42d56 -> 
  custom:container-muxer-webm: aa71ff27fc2769a1b78a27578f13a17b -> 
========================================================================
Received Import Request.
  Time since last request: 25662.224060 seconds.
  path: Assets/PolygonCity/Models/SM_Prop_ShopInterior_Shelf_03.fbx
  artifactKey: Guid(c9cac6c297c268445ae6c594399ab151) Importer(815301076,1909f56bfc062723c751e8b465ee728b)
Start importing Assets/PolygonCity/Models/SM_Prop_ShopInterior_Shelf_03.fbx using Guid(c9cac6c297c268445ae6c594399ab151) Importer(815301076,1909f56bfc062723c751e8b465ee728b) [PhysX] Initialized MultithreadedTaskDispatcher with 32 workers.
[PhysX] Initialized MultithreadedTaskDispatcher with 32 workers.
[PhysX] Initialized MultithreadedTaskDispatcher with 32 workers.
 -> (artifact id: '831543d9fa5884ccfc177148c53f6373') in 0.125726 seconds
Number of updated asset objects reloaded before import = 0
Number of asset objects unloaded after import = 7
========================================================================
Received Import Request.
  Time since last request: 0.000019 seconds.
  path: Assets/PolygonCity/Models/SM_Prop_TrashBag_02.fbx
  artifactKey: Guid(c05e66bcaa820dc4ea7e237fc8abde1d) Importer(815301076,1909f56bfc062723c751e8b465ee728b)
Start importing Assets/PolygonCity/Models/SM_Prop_TrashBag_02.fbx using Guid(c05e66bcaa820dc4ea7e237fc8abde1d) Importer(815301076,1909f56bfc062723c751e8b465ee728b) [PhysX] Initialized MultithreadedTaskDispatcher with 32 workers.
[PhysX] Initialized MultithreadedTaskDispatcher with 32 workers.
[PhysX] Initialized MultithreadedTaskDispatcher with 32 workers.
 -> (artifact id: '1d8910c1687c9025ac43e56cdec7f5a0') in 0.011014 seconds
Number of updated asset objects reloaded before import = 0
Number of asset objects unloaded after import = 7
========================================================================
Received Import Request.
  Time since last request: 0.000017 seconds.
  path: Assets/PolygonCity/Models/SM_Prop_Sign_Warning_01.fbx
  artifactKey: Guid(05d0a85f2a434b84db887483f471fc87) Importer(815301076,1909f56bfc062723c751e8b465ee728b)
Start importing Assets/PolygonCity/Models/SM_Prop_Sign_Warning_01.fbx using Guid(05d0a85f2a434b84db887483f471fc87) Importer(815301076,1909f56bfc062723c751e8b465ee728b) [PhysX] Initialized MultithreadedTaskDispatcher with 32 workers.
[PhysX] Initialized MultithreadedTaskDispatcher with 32 workers.
[PhysX] Initialized MultithreadedTaskDispatcher with 32 workers.
 -> (artifact id: 'b09c4bbc8acd9bf287be0e7ffd4a86a6') in 0.011628 seconds
Number of updated asset objects reloaded before import = 0
Number of asset objects unloaded after import = 7
========================================================================
Received Import Request.
  Time since last request: 0.000017 seconds.
  path: Assets/PolygonCity/Models/SM_Prop_Sign_DeliPizza_01.fbx
  artifactKey: Guid(0ae31783a812174488ad65c99a69b4c7) Importer(815301076,1909f56bfc062723c751e8b465ee728b)
Start importing Assets/PolygonCity/Models/SM_Prop_Sign_DeliPizza_01.fbx using Guid(0ae31783a812174488ad65c99a69b4c7) Importer(815301076,1909f56bfc062723c751e8b465ee728b) [PhysX] Initialized MultithreadedTaskDispatcher with 32 workers.
[PhysX] Initialized MultithreadedTaskDispatcher with 32 workers.
[PhysX] Initialized MultithreadedTaskDispatcher with 32 workers.
 -> (artifact id: '7edce23768db881e954be4baf294b135') in 0.009835 seconds
Number of updated asset objects reloaded before import = 0
Number of asset objects unloaded after import = 7
========================================================================
Received Import Request.
  Time since last request: 0.000016 seconds.
  path: Assets/Art/Tracks/Track_01/Bark.mat
  artifactKey: Guid(49c896ebc502c264d996cd84d1fd6003) Importer(815301076,1909f56bfc062723c751e8b465ee728b)
Start importing Assets/Art/Tracks/Track_01/Bark.mat using Guid(49c896ebc502c264d996cd84d1fd6003) Importer(815301076,1909f56bfc062723c751e8b465ee728b) [PhysX] Initialized MultithreadedTaskDispatcher with 32 workers.
[PhysX] Initialized MultithreadedTaskDispatcher with 32 workers.
 -> (artifact id: '9c30541d378f82bfd09b60cc727b2a6e') in 0.024875 seconds
Number of updated asset objects reloaded before import = 0
Number of asset objects unloaded after import = 1
========================================================================
Received Import Request.
  Time since last request: 0.000024 seconds.
  path: Assets/Art/Tracks/Track_01/Curb_White.mat
  artifactKey: Guid(d00d36078d8cab741b7a1c18e064daa7) Importer(815301076,1909f56bfc062723c751e8b465ee728b)
Start importing Assets/Art/Tracks/Track_01/Curb_White.mat using Guid(d00d36078d8cab741b7a1c18e064daa7) Importer(815301076,1909f56bfc062723c751e8b465ee728b) [PhysX] Initialized MultithreadedTaskDispatcher with 32 workers.
[PhysX] Initialized MultithreadedTaskDispatcher with 32 workers.
 -> (artifact id: 'ec765fbf25a8b607631ccaabb2f8685b') in 0.006924 seconds
Number of updated asset objects reloaded before import = 0
Number of asset objects unloaded after import = 1
========================================================================
Received Import Request.
  Time since last request: 0.000016 seconds.
  path: Assets/PolygonCity/Models/SM_Prop_ShopInterior_Desk_02.fbx
  artifactKey: Guid(f5a8dfd8843722a4ea0e48980bed3b4f) Importer(815301076,1909f56bfc062723c751e8b465ee728b)
Start importing Assets/PolygonCity/Models/SM_Prop_ShopInterior_Desk_02.fbx using Guid(f5a8dfd8843722a4ea0e48980bed3b4f) Importer(815301076,1909f56bfc062723c751e8b465ee728b) [PhysX] Initialized MultithreadedTaskDispatcher with 32 workers.
[PhysX] Initialized MultithreadedTaskDispatcher with 32 workers.
[PhysX] Initialized MultithreadedTaskDispatcher with 32 workers.
 -> (artifact id: '8032e60c060aa295c3cc8778da8a9ad5') in 0.010402 seconds
Number of updated asset objects reloaded before import = 0
Number of asset objects unloaded after import = 7
========================================================================
Received Import Request.
  Time since last request: 4.008578 seconds.
  path: Assets/PolygonCity/Prefabs/Props/SM_Prop_ShopInterior_Chair_01.prefab
  artifactKey: Guid(f710382517201604d939dd1e30c50b66) Importer(815301076,1909f56bfc062723c751e8b465ee728b)
Start importing Assets/PolygonCity/Prefabs/Props/SM_Prop_ShopInterior_Chair_01.prefab using Guid(f710382517201604d939dd1e30c50b66) Importer(815301076,1909f56bfc062723c751e8b465ee728b) [PhysX] Initialized MultithreadedTaskDispatcher with 32 workers.
[PhysX] Initialized MultithreadedTaskDispatcher with 32 workers.
 -> (artifact id: '4dafa8361c9addd14be77b67b24fe072') in 0.094244 seconds
Number of updated asset objects reloaded before import = 0
Number of asset objects unloaded after import = 20
========================================================================
Received Import Request.
  Time since last request: 0.000018 seconds.
  path: Assets/PolygonCity/Prefabs/Props/SM_Prop_Sign_Attachment_01.prefab
  artifactKey: Guid(5e3dc10a50a37434c9c2c84315d7df53) Importer(815301076,1909f56bfc062723c751e8b465ee728b)
Start importing Assets/PolygonCity/Prefabs/Props/SM_Prop_Sign_Attachment_01.prefab using Guid(5e3dc10a50a37434c9c2c84315d7df53) Importer(815301076,1909f56bfc062723c751e8b465ee728b) [PhysX] Initialized MultithreadedTaskDispatcher with 32 workers.
[PhysX] Initialized MultithreadedTaskDispatcher with 32 workers.
 -> (artifact id: '5f67ab3888582a06e03029ab506d272e') in 0.026263 seconds
Number of updated asset objects reloaded before import = 0
Number of asset objects unloaded after import = 13
========================================================================
Received Import Request.
  Time since last request: 0.000045 seconds.
  path: Assets/PolygonCity/Prefabs/Props/SM_Prop_Soda_03.prefab
  artifactKey: Guid(8d24d6976965f01469593d7f8d11c0cc) Importer(815301076,1909f56bfc062723c751e8b465ee728b)
Start importing Assets/PolygonCity/Prefabs/Props/SM_Prop_Soda_03.prefab using Guid(8d24d6976965f01469593d7f8d11c0cc) Importer(815301076,1909f56bfc062723c751e8b465ee728b) [PhysX] Initialized MultithreadedTaskDispatcher with 32 workers.
[PhysX] Initialized MultithreadedTaskDispatcher with 32 workers.
 -> (artifact id: 'ca213638ff49968af559a59f381a78d4') in 0.021735 seconds
Number of updated asset objects reloaded before import = 0
Number of asset objects unloaded after import = 14
========================================================================
Received Import Request.
  Time since last request: 0.000019 seconds.
  path: Assets/PolygonCity/Prefabs/Props/SM_Prop_TrafficLight_02.prefab
  artifactKey: Guid(0ba99da88f5077845b463335f529a335) Importer(815301076,1909f56bfc062723c751e8b465ee728b)
Start importing Assets/PolygonCity/Prefabs/Props/SM_Prop_TrafficLight_02.prefab using Guid(0ba99da88f5077845b463335f529a335) Importer(815301076,1909f56bfc062723c751e8b465ee728b) [PhysX] Initialized MultithreadedTaskDispatcher with 32 workers.
[PhysX] Initialized MultithreadedTaskDispatcher with 32 workers.
 -> (artifact id: 'e1b45c291086c060eb9ca558de679c07') in 0.020237 seconds
Number of updated asset objects reloaded before import = 0
Number of asset objects unloaded after import = 14
========================================================================
Received Import Request.
  Time since last request: 0.000014 seconds.
  path: Assets/PolygonCity/Prefabs/Props/SM_Prop_Sidewalk_Panel_03.prefab
  artifactKey: Guid(c51e2e65db99b8d4185819e89654d5d1) Importer(815301076,1909f56bfc062723c751e8b465ee728b)
Start importing Assets/PolygonCity/Prefabs/Props/SM_Prop_Sidewalk_Panel_03.prefab using Guid(c51e2e65db99b8d4185819e89654d5d1) Importer(815301076,1909f56bfc062723c751e8b465ee728b) [PhysX] Initialized MultithreadedTaskDispatcher with 32 workers.
[PhysX] Initialized MultithreadedTaskDispatcher with 32 workers.
 -> (artifact id: '6c1fb895683fdd018d03b3ab5ea7ba29') in 0.016630 seconds
Number of updated asset objects reloaded before import = 0
Number of asset objects unloaded after import = 14
========================================================================
Received Import Request.
  Time since last request: 0.000020 seconds.
  path: Assets/PolygonCity/Prefabs/Props/SM_Prop_Sign_FireDepartment_01.prefab
  artifactKey: Guid(e0b066ef9ae5aff40b5acc9933c1aae7) Importer(815301076,1909f56bfc062723c751e8b465ee728b)
Start importing Assets/PolygonCity/Prefabs/Props/SM_Prop_Sign_FireDepartment_01.prefab using Guid(e0b066ef9ae5aff40b5acc9933c1aae7) Importer(815301076,1909f56bfc062723c751e8b465ee728b) [PhysX] Initialized MultithreadedTaskDispatcher with 32 workers.
[PhysX] Initialized MultithreadedTaskDispatcher with 32 workers.
 -> (artifact id: 'ea29da41bfd298d269444b08635b3ed9') in 0.037166 seconds
Number of updated asset objects reloaded before import = 0
Number of asset objects unloaded after import = 14
========================================================================
Received Import Request.
  Time since last request: 0.000018 seconds.
  path: Assets/PolygonCity/Prefabs/Props/SM_Prop_Umbrella_01.prefab
  artifactKey: Guid(c70ae4ae0fa26e843855bb2f4d3e43fb) Importer(815301076,1909f56bfc062723c751e8b465ee728b)
Start importing Assets/PolygonCity/Prefabs/Props/SM_Prop_Umbrella_01.prefab using Guid(c70ae4ae0fa26e843855bb2f4d3e43fb) Importer(815301076,1909f56bfc062723c751e8b465ee728b) [PhysX] Initialized MultithreadedTaskDispatcher with 32 workers.
[PhysX] Initialized MultithreadedTaskDispatcher with 32 workers.
 -> (artifact id: 'c4e4e857fc072046ca6ae0544386c64f') in 0.016288 seconds
Number of updated asset objects reloaded before import = 0
Number of asset objects unloaded after import = 14
========================================================================
Received Import Request.
  Time since last request: 0.000017 seconds.
  path: Assets/PolygonCity/Prefabs/Props/SM_Prop_Sign_Attachment_03.prefab
  artifactKey: Guid(99ec98a713e68684cbfb382167732238) Importer(815301076,1909f56bfc062723c751e8b465ee728b)
Start importing Assets/PolygonCity/Prefabs/Props/SM_Prop_Sign_Attachment_03.prefab using Guid(99ec98a713e68684cbfb382167732238) Importer(815301076,1909f56bfc062723c751e8b465ee728b) [PhysX] Initialized MultithreadedTaskDispatcher with 32 workers.
[PhysX] Initialized MultithreadedTaskDispatcher with 32 workers.
 -> (artifact id: '5620300dad898ca8372589e444ba1f0e') in 0.013645 seconds
Number of updated asset objects reloaded before import = 0
Number of asset objects unloaded after import = 14
========================================================================
Received Import Request.
  Time since last request: 1.847819 seconds.
  path: Assets/PolygonCity/Prefabs/Vehicles/SM_Veh_Car_Taxi_01.prefab
  artifactKey: Guid(a916a44328d322240bd1aaaca22fc8a7) Importer(815301076,1909f56bfc062723c751e8b465ee728b)
Start importing Assets/PolygonCity/Prefabs/Vehicles/SM_Veh_Car_Taxi_01.prefab using Guid(a916a44328d322240bd1aaaca22fc8a7) Importer(815301076,1909f56bfc062723c751e8b465ee728b) [PhysX] Initialized MultithreadedTaskDispatcher with 32 workers.
[PhysX] Initialized MultithreadedTaskDispatcher with 32 workers.
 -> (artifact id: '22a03d1f509e155debc64f8e848a5fbd') in 0.025869 seconds
Number of updated asset objects reloaded before import = 0
Number of asset objects unloaded after import = 53
========================================================================
Received Import Request.
  Time since last request: 0.000016 seconds.
  path: Assets/Prefabs/FX/Particles/Tire Smoke.prefab
  artifactKey: Guid(767ed60264a1da7429cfe4f0fcf27305) Importer(815301076,1909f56bfc062723c751e8b465ee728b)
Start importing Assets/Prefabs/FX/Particles/Tire Smoke.prefab using Guid(767ed60264a1da7429cfe4f0fcf27305) Importer(815301076,1909f56bfc062723c751e8b465ee728b) [PhysX] Initialized MultithreadedTaskDispatcher with 32 workers.
[PhysX] Initialized MultithreadedTaskDispatcher with 32 workers.
 -> (artifact id: '3ac9adab6a4f60602ad7573392107a0e') in 0.015288 seconds
Number of updated asset objects reloaded before import = 0
Number of asset objects unloaded after import = 8
========================================================================
Received Import Request.
  Time since last request: 72.035083 seconds.
  path: Packages/com.unity.ai.navigation/Editor/ConversionSystem/converter_widget.uss
  artifactKey: Guid(63cb84b97408b4d25a6925daccffcd22) Importer(815301076,1909f56bfc062723c751e8b465ee728b)
Start importing Packages/com.unity.ai.navigation/Editor/ConversionSystem/converter_widget.uss using Guid(63cb84b97408b4d25a6925daccffcd22) Importer(815301076,1909f56bfc062723c751e8b465ee728b) [PhysX] Initialized MultithreadedTaskDispatcher with 32 workers.
 -> (artifact id: 'fa340a4f39b8c2af8f2f002337b18077') in 0.003097 seconds
Number of updated asset objects reloaded before import = 0
Number of asset objects unloaded after import = 1
========================================================================
Received Import Request.
  Time since last request: 0.000026 seconds.
  path: Packages/com.unity.ai.navigation/Editor/ConversionSystem/Unity.AI.Navigation.Editor.ConversionSystem.asmdef
  artifactKey: Guid(c57630adab7a340ec94f10e4fcac12f1) Importer(815301076,1909f56bfc062723c751e8b465ee728b)
Start importing Packages/com.unity.ai.navigation/Editor/ConversionSystem/Unity.AI.Navigation.Editor.ConversionSystem.asmdef using Guid(c57630adab7a340ec94f10e4fcac12f1) Importer(815301076,1909f56bfc062723c751e8b465ee728b) [PhysX] Initialized MultithreadedTaskDispatcher with 32 workers.
 -> (artifact id: '87a08f7d38aab6a6112c1f146a132005') in 0.000874 seconds
Number of updated asset objects reloaded before import = 0
Number of asset objects unloaded after import = 0
Editor requested this worker to shutdown with reason: Scaling down because of idle timeout
TcpMessagingSession - receive error: operation aborted. errorcode: 995, details: La operación de E/S se anuló por una salida de subproceso o por una solicitud de aplicación.
AssetImportWorker is now disconnected from the server
Process exiting
Exiting without the bug reporter. Application will terminate with return code 0